src/frontend/build/app/intermediates/manifest_merge_blame_file/debug/manifest-merger-blame-debug-report.txt
1<?xml version="1.0" encoding="utf-8"?>
2<manifest xmlns:android="http://schemas.android.com/apk/res/android"
3    package="com.example.hermes"
4    android:versionCode="1"
5    android:versionName="1.0.0" >
6
7    <uses-sdk
8        android:minSdkVersion="21"
9        android:targetSdkVersion="33" />
10    <!--
11         The INTERNET permission is required for development. Specifically,
12         the Flutter tool needs it to communicate with the running application
13         to allow setting breakpoints, to provide hot reload, etc.
14    -->
15    <uses-permission android:name="android.permission.INTERNET" />
15-->src/debug/AndroidManifest.xml:6:5-66
15-->src/debug/AndroidManifest.xml:6:22-64
16    <uses-permission android:name="android.permission.CAMERA" />
16-->src/main/AndroidManifest.xml:33:9-69
16-->src/main/AndroidManifest.xml:33:26-66
17    <uses-permission
17-->src/main/AndroidManifest.xml:34:9-85
18        android:name="android.permission.WRITE_EXTERNAL_STORAGE"
18-->src/main/AndroidManifest.xml:34:26-82
19        android:maxSdkVersion="28" />
19-->[:camera_android_camerax] AndroidManifest.xml:16:9-35
20    <!--
21 Required to query activities that can process text, see:
22         https://developer.android.com/training/package-visibility?hl=en and
23         https://developer.android.com/reference/android/content/Intent#ACTION_PROCESS_TEXT.
24
25         In particular, this is used by the Flutter engine in io.flutter.plugin.text.ProcessTextPlugin.
26    -->
27    <queries>
27-->src/main/AndroidManifest.xml:41:5-46:15
28        <intent>
28-->src/main/AndroidManifest.xml:42:9-45:18
29            <action android:name="android.intent.action.PROCESS_TEXT" />
29-->src/main/AndroidManifest.xml:43:13-72
29-->src/main/AndroidManifest.xml:43:21-70
30
31            <data android:mimeType="text/plain" />
31-->src/main/AndroidManifest.xml:44:13-50
31-->src/main/AndroidManifest.xml:44:19-48
32        </intent>
33    </queries>
34
35    <uses-feature android:name="android.hardware.camera" />
35-->[:flutter_barcode_scanner] AndroidManifest.xml:11:5-60
35-->[:flutter_barcode_scanner] AndroidManifest.xml:11:19-57
36
37    <uses-permission android:name="android.permission.FLASHLIGHT" />
37-->[:flutter_barcode_scanner] AndroidManifest.xml:13:5-69
37-->[:flutter_barcode_scanner] AndroidManifest.xml:13:22-66
38
39    <uses-feature android:name="android.hardware.camera.any" />
39-->[:camera_android_camerax] AndroidManifest.xml:10:5-64
39-->[:camera_android_camerax] AndroidManifest.xml:10:19-61
40
41    <uses-permission android:name="android.permission.RECORD_AUDIO" />
41-->[:camera_android_camerax] AndroidManifest.xml:13:5-71
41-->[:camera_android_camerax] AndroidManifest.xml:13:22-68
42    <uses-permission android:name="android.permission.VIBRATE" />
42-->[:flutter_local_notifications] AndroidManifest.xml:9:5-66
42-->[:flutter_local_notifications] AndroidManifest.xml:9:22-63
43    <uses-permission android:name="android.permission.POST_NOTIFICATIONS" />
43-->[:flutter_local_notifications] AndroidManifest.xml:10:5-77
43-->[:flutter_local_notifications] AndroidManifest.xml:10:22-74
44
45    <application
46        android:name="android.app.Application"
47        android:appComponentFactory="androidx.core.app.CoreComponentFactory"
47-->[androidx.core:core:1.6.0] AndroidManifest.xml:24:18-86
48        android:debuggable="true"
49        android:icon="@mipmap/ic_launcher"
50        android:label="hermes"
51        android:largeHeap="true"
51-->[:flutter_barcode_scanner] AndroidManifest.xml:16:9-33
52        android:theme="@style/Theme.AppCompat.NoActionBar" >
52-->[:flutter_barcode_scanner] AndroidManifest.xml:17:9-59
53        <activity
54            android:name="com.example.hermes.MainActivity"
55            android:configChanges="orientation|keyboardHidden|keyboard|screenSize|smallestScreenSize|locale|layoutDirection|fontScale|screenLayout|density|uiMode"
56            android:exported="true"
57            android:hardwareAccelerated="true"
58            android:launchMode="singleTop"
59            android:theme="@style/LaunchTheme"
60            android:windowSoftInputMode="adjustResize" >
61
62            <!--
63                 Specifies an Android theme to apply to this Activity as soon as
64                 the Android process has started. This theme is visible to the user
65                 while the Flutter UI initializes. After that, this theme continues
66                 to determine the Window background behind the Flutter UI.
67            -->
68            <meta-data
69                android:name="io.flutter.embedding.android.NormalTheme"
70                android:resource="@style/NormalTheme" />
71
72            <intent-filter>
73                <action android:name="android.intent.action.MAIN" />
74
75                <category android:name="android.intent.category.LAUNCHER" />
76            </intent-filter>
77        </activity>
78        <!--
79             Don't delete the meta-data below.
80             This is used by the Flutter tool to generate GeneratedPluginRegistrant.java
81        -->
82        <meta-data
83            android:name="flutterEmbedding"
84            android:value="2" />
85
86        <activity android:name="com.amolg.flutterbarcodescanner.BarcodeCaptureActivity" />
86-->[:flutter_barcode_scanner] AndroidManifest.xml:18:9-91
86-->[:flutter_barcode_scanner] AndroidManifest.xml:18:19-88
87
88        <uses-library
88-->[androidx.window:window:1.0.0-beta04] AndroidManifest.xml:25:9-27:40
89            android:name="androidx.window.extensions"
89-->[androidx.window:window:1.0.0-beta04] AndroidManifest.xml:26:13-54
90            android:required="false" />
90-->[androidx.window:window:1.0.0-beta04] AndroidManifest.xml:27:13-37
91        <uses-library
91-->[androidx.window:window:1.0.0-beta04] AndroidManifest.xml:28:9-30:40
92            android:name="androidx.window.sidecar"
92-->[androidx.window:window:1.0.0-beta04] AndroidManifest.xml:29:13-51
93            android:required="false" />
93-->[androidx.window:window:1.0.0-beta04] AndroidManifest.xml:30:13-37
94
95        <service
95-->[androidx.camera:camera-camera2:1.3.3] AndroidManifest.xml:24:9-33:19
96            android:name="androidx.camera.core.impl.MetadataHolderService"
96-->[androidx.camera:camera-camera2:1.3.3] AndroidManifest.xml:25:13-75
97            android:enabled="false"
97-->[androidx.camera:camera-camera2:1.3.3] AndroidManifest.xml:26:13-36
98            android:exported="false" >
98-->[androidx.camera:camera-camera2:1.3.3] AndroidManifest.xml:27:13-37
99            <meta-data
99-->[androidx.camera:camera-camera2:1.3.3] AndroidManifest.xml:30:13-32:89
100                android:name="androidx.camera.core.impl.MetadataHolderService.DEFAULT_CONFIG_PROVIDER"
100-->[androidx.camera:camera-camera2:1.3.3] AndroidManifest.xml:31:17-103
101                android:value="androidx.camera.camera2.Camera2Config$DefaultProvider" />
101-->[androidx.camera:camera-camera2:1.3.3] AndroidManifest.xml:32:17-86
102        </service>
103
104        <activity
104-->[com.google.android.gms:play-services-base:17.4.0] AndroidManifest.xml:23:9-26:75
105            android:name="com.google.android.gms.common.api.GoogleApiActivity"
105-->[com.google.android.gms:play-services-base:17.4.0] AndroidManifest.xml:24:13-79
106            android:exported="false"
106-->[com.google.android.gms:play-services-base:17.4.0] AndroidManifest.xml:25:13-37
107            android:theme="@android:style/Theme.Translucent.NoTitleBar" />
107-->[com.google.android.gms:play-services-base:17.4.0] AndroidManifest.xml:26:13-72
108
109        <meta-data
109-->[com.google.android.gms:play-services-basement:17.4.0] AndroidManifest.xml:23:9-25:69
110            android:name="com.google.android.gms.version"
110-->[com.google.android.gms:play-services-basement:17.4.0] AndroidManifest.xml:24:13-58
111            android:value="@integer/google_play_services_version" />
111-->[com.google.android.gms:play-services-basement:17.4.0] AndroidManifest.xml:25:13-66
112    </application>
113
114</manifest>